<?xml version="1.0" encoding="UTF-8"?>
<testsuites name="jest tests" tests="43" failures="0" errors="0" time="1.19">
  <testsuite name="stats page V1 report links" errors="0" failures="0" skipped="0" timestamp="2026-06-23T05:23:23" time="0.989" tests="22">
    <testcase classname="stats page V1 report links" name="deleted habit styles do not override checked cells to gray" time="0.002">
    </testcase>
    <testcase classname="stats page V1 report links" name="checked report styles have theme color fallbacks" time="0.001">
    </testcase>
    <testcase classname="stats page V1 report links" name="report cells bind each habit theme class directly" time="0">
    </testcase>
    <testcase classname="stats page V1 report links" name="周报应修未完成使用主题描边，非应修和未来使用浅灰色块" time="0.001">
    </testcase>
    <testcase classname="stats page V1 report links" name="not_required/future/low_confidence/partial 在周报有显式样式" time="0">
    </testcase>
    <testcase classname="stats page V1 report links" name="canceled/not_required/future/low_confidence/partial 在月报 cell 有显式样式" time="0.001">
    </testcase>
    <testcase classname="stats page V1 report links" name="周报映射保留业务 status，并使用 displayStatus 控制特殊取消浅灰视觉" time="0.041">
    </testcase>
    <testcase classname="stats page V1 report links" name="月报映射保留 displayStatus，特殊取消日可绑定 not_required 样式" time="0.003">
    </testcase>
    <testcase classname="stats page V1 report links" name="月报和年报卡片天数字段使用 checkinDays 而不是 doneCount" time="0.004">
    </testcase>
    <testcase classname="stats page V1 report links" name="快速切换报表时旧请求不能覆盖最后一次 tab 数据" time="0.005">
    </testcase>
    <testcase classname="stats page V1 report links" name="连续 sync:updated 事件只触发一次防抖刷新" time="0.004">
    </testcase>
    <testcase classname="stats page V1 report links" name="点击当前报表 tab 不重复加载数据" time="0.002">
    </testcase>
    <testcase classname="stats page V1 report links" name="周报映射保留策略修改命中当天的 unchecked 描边状态" time="0.002">
    </testcase>
    <testcase classname="stats page V1 report links" name="月报映射保留策略修改命中当天的 unchecked 描边状态" time="0.003">
    </testcase>
    <testcase classname="stats page V1 report links" name="deleted userHabit shows checked status in week report" time="0.004">
    </testcase>
    <testcase classname="stats page V1 report links" name="week month and year reports keep deleted habit themeClass from V1 data" time="0.007">
    </testcase>
    <testcase classname="stats page V1 report links" name="re-added active userHabit keeps themeClass in week month year reports" time="0.005">
    </testcase>
    <testcase classname="stats page V1 report links" name="multiple therapy and life deleted habits keep week month year themeClass" time="0.124">
    </testcase>
    <testcase classname="stats page V1 report links" name="known catalog habits use habit-specific themeClass even when stored as default blue" time="0.033">
    </testcase>
    <testcase classname="stats page V1 report links" name="deleted checked habits normalize stale theme classes to valid report themes" time="0.01">
    </testcase>
    <testcase classname="stats page V1 report links" name="same habitId deleted and re-added with different userHabitId shows correct lifecycle" time="0.003">
    </testcase>
    <testcase classname="stats page V1 report links" name="reportService weekly report returns correct habitReports structure" time="0.003">
    </testcase>
  </testsuite>
  <testsuite name="iconMap 工具函数测试" errors="0" failures="0" skipped="0" timestamp="2026-06-23T05:23:24" time="0.057" tests="20">
    <testcase classname="iconMap 工具函数测试 › getIconConfig 函数测试" name="应该为已知习惯返回图标配置" time="0.001">
    </testcase>
    <testcase classname="iconMap 工具函数测试 › getIconConfig 函数测试" name="应该为火属性习惯返回t-red主题" time="0">
    </testcase>
    <testcase classname="iconMap 工具函数测试 › getIconConfig 函数测试" name="应该为木属性习惯返回t-green主题" time="0">
    </testcase>
    <testcase classname="iconMap 工具函数测试 › getIconConfig 函数测试" name="应该为土属性习惯返回t-yellow主题" time="0">
    </testcase>
    <testcase classname="iconMap 工具函数测试 › getIconConfig 函数测试" name="应该为水属性习惯返回t-blue主题" time="0">
    </testcase>
    <testcase classname="iconMap 工具函数测试 › getIconConfig 函数测试" name="应该为特殊类习惯返回t-purple主题" time="0">
    </testcase>
    <testcase classname="iconMap 工具函数测试 › getIconConfig 函数测试" name="未知习惯应该返回null" time="0">
    </testcase>
    <testcase classname="iconMap 工具函数测试 › getIconConfig 函数测试" name="应该支持所有预定义的习惯" time="0.003">
    </testcase>
    <testcase classname="iconMap 工具函数测试 › getIconPath 函数测试" name="应该返回正确的图标路径" time="0.001">
    </testcase>
    <testcase classname="iconMap 工具函数测试 › getIconPath 函数测试" name="未知习惯应该返回null" time="0">
    </testcase>
    <testcase classname="iconMap 工具函数测试 › getThemeClass 函数测试" name="应该返回正确的主题类名" time="0">
    </testcase>
    <testcase classname="iconMap 工具函数测试 › getThemeClass 函数测试" name="未知习惯应该返回默认主题t-blue" time="0.001">
    </testcase>
    <testcase classname="iconMap 工具函数测试 › getThemeByCategory 函数测试" name="运动类应该返回t-green" time="0">
    </testcase>
    <testcase classname="iconMap 工具函数测试 › getThemeByCategory 函数测试" name="理疗类应该返回t-red" time="0">
    </testcase>
    <testcase classname="iconMap 工具函数测试 › getThemeByCategory 函数测试" name="起居类应该返回t-yellow" time="0">
    </testcase>
    <testcase classname="iconMap 工具函数测试 › getThemeByCategory 函数测试" name="未知分类应该返回默认主题t-blue" time="0.001">
    </testcase>
    <testcase classname="iconMap 工具函数测试 › HABIT_ICONS 数据结构测试" name="应该包含所有习惯定义" time="0">
    </testcase>
    <testcase classname="iconMap 工具函数测试 › HABIT_ICONS 数据结构测试" name="每个习惯应该有file和theme属性" time="0.002">
    </testcase>
    <testcase classname="iconMap 工具函数测试 › HABIT_ICONS 数据结构测试" name="图标文件名应该以habit-开头" time="0.001">
    </testcase>
    <testcase classname="iconMap 工具函数测试 › HABIT_ICONS 数据结构测试" name="主题类名应该是有效的" time="0.001">
    </testcase>
  </testsuite>
  <testsuite name="修习页真实删除操作" errors="0" failures="0" skipped="0" timestamp="2026-06-23T05:23:24" time="0.072" tests="1">
    <testcase classname="修习页真实删除操作" name="删除习惯时只调用 habitService.softDeleteHabit" time="0.038">
    </testcase>
  </testsuite>
</testsuites>